<?xml version="1.0" encoding="UTF-8"?>
<testng-results ignored="0" total="3" passed="3" failed="0" skipped="0">
  <reporter-output>
  </reporter-output>
  <suite started-at="2024-02-11T20:27:08 IST" name="Suite" finished-at="2024-02-11T20:30:04 IST" duration-ms="176224">
    <groups>
      <group name="cucumber">
        <method signature="AbstractTestNGCucumberTests.runScenario(io.cucumber.testng.PickleWrapper,io.cucumber.testng.FeatureWrapper)[pri:0, instance:com.testRunner.testNG@6f204a1a]" name="runScenario" class="io.cucumber.testng.AbstractTestNGCucumberTests"/>
      </group> <!-- cucumber -->
    </groups>
    <test started-at="2024-02-11T20:27:08 IST" name="Test" finished-at="2024-02-11T20:30:04 IST" duration-ms="176224">
      <class name="com.testRunner.testNG">
        <test-method is-config="true" signature="setUpClass(org.testng.ITestContext)[pri:0, instance:com.testRunner.testNG@6f204a1a]" started-at="2024-02-11T20:27:08 IST" name="setUpClass" finished-at="2024-02-11T20:27:11 IST" duration-ms="3482" status="PASS">
          <params>
            <param index="0">
              <value>
                <![CDATA[org.testng.TestRunner@224d537d]]>
              </value>
            </param>
          </params>
          <reporter-output>
          </reporter-output>
        </test-method> <!-- setUpClass -->
        <test-method signature="runScenario(io.cucumber.testng.PickleWrapper,io.cucumber.testng.FeatureWrapper)[pri:0, instance:com.testRunner.testNG@6f204a1a]" started-at="2024-02-11T20:27:11 IST" name="runScenario" description="Runs Cucumber Scenarios" data-provider="scenarios" finished-at="2024-02-11T20:28:07 IST" duration-ms="55425" status="PASS">
          <params>
            <param index="0">
              <value>
                <![CDATA["Login to be.cognizant portal"]]>
              </value>
            </param>
            <param index="1">
              <value>
                <![CDATA["Featured News Information"]]>
              </value>
            </param>
          </params>
          <reporter-output>
          </reporter-output>
        </test-method> <!-- runScenario -->
        <test-method signature="runScenario(io.cucumber.testng.PickleWrapper,io.cucumber.testng.FeatureWrapper)[pri:0, instance:com.testRunner.testNG@6f204a1a]" started-at="2024-02-11T20:28:07 IST" name="runScenario" description="Runs Cucumber Scenarios" data-provider="scenarios" finished-at="2024-02-11T20:29:39 IST" duration-ms="92159" status="PASS">
          <params>
            <param index="0">
              <value>
                <![CDATA["counting and printing the featured news of Be.cognizant homepage"]]>
              </value>
            </param>
            <param index="1">
              <value>
                <![CDATA["Featured News Information"]]>
              </value>
            </param>
          </params>
          <reporter-output>
          </reporter-output>
        </test-method> <!-- runScenario -->
        <test-method signature="runScenario(io.cucumber.testng.PickleWrapper,io.cucumber.testng.FeatureWrapper)[pri:0, instance:com.testRunner.testNG@6f204a1a]" started-at="2024-02-11T20:29:39 IST" name="runScenario" description="Runs Cucumber Scenarios" data-provider="scenarios" finished-at="2024-02-11T20:30:01 IST" duration-ms="21689" status="PASS">
          <params>
            <param index="0">
              <value>
                <![CDATA["Display Apps and Tools Section on Be.cognizant homepage"]]>
              </value>
            </param>
            <param index="1">
              <value>
                <![CDATA["Featured News Information"]]>
              </value>
            </param>
          </params>
          <reporter-output>
          </reporter-output>
        </test-method> <!-- runScenario -->
        <test-method is-config="true" signature="tearDownClass()[pri:0, instance:com.testRunner.testNG@6f204a1a]" started-at="2024-02-11T20:30:01 IST" name="tearDownClass" finished-at="2024-02-11T20:30:04 IST" duration-ms="3325" status="PASS">
          <reporter-output>
          </reporter-output>
        </test-method> <!-- tearDownClass -->
      </class> <!-- com.testRunner.testNG -->
    </test> <!-- Test -->
  </suite> <!-- Suite -->
</testng-results>
